   1               		.file	"main.c"
   2               		.arch atmega8535
   3               	__SREG__ = 0x3f
   4               	__SP_H__ = 0x3e
   5               	__SP_L__ = 0x3d
   6               	__tmp_reg__ = 0
   7               	__zero_reg__ = 1
   8               		.global __do_copy_data
   9               		.global __do_clear_bss
  11               		.text
  12               	.Ltext0:
  69               	.global	delayms
  71               	delayms:
  73               	.Ltext1:
   1:delay.h       **** /*	LCD.h
   2:delay.h       **** Technophilia embedded systems
   3:delay.h       **** 
   4:delay.h       **** 	this header file provides time delay in the form of mili second and micro second
   5:delay.h       **** 	without affecting any interrupts.
   6:delay.h       **** 
   7:delay.h       **** 	delayms()  this function provides delay in the form of mili second
   8:delay.h       **** 	delayus()  this function provides delay in the form of micro second
   9:delay.h       **** 	
  10:delay.h       **** */
  11:delay.h       **** #ifndef _DELAY_H_
  12:delay.h       **** #define _DELAY_H_
  13:delay.h       **** unsigned int delaycounter1,delaycounter2;
  14:delay.h       **** void delayms(unsigned int delaytime)
  15:delay.h       **** {
  74               	ue end (size=0) */
  76               	.LM1:
  77               		sts (delaycounter1)+1,__zero_reg__
  16:delay.h       **** 
  17:delay.h       **** 	 for(delaycounter1=0;delaycounter1<=delaytime;delaycounter1++)
  78               	 delaycounter1,__zero_reg__
  79               		ldi r18,lo8(0)
  80 0000 1092 0000 		ldi r19,hi8(0)
  81 0004 1092 0000 	.L2:
  83 000a 30E0      	.LM2:
  84               		ldi r20,lo8(0)
  85               		ldi r21,hi8(0)
  86               	.L3:
  88 000e 50E0      	.LM3:
  89               	/* #APP */
  18:delay.h       **** 	 {
  19:delay.h       **** 		 for(delaycounter2=0;delaycounter2<=800;delaycounter2++)
  20:delay.h       **** 		  {
  21:delay.h       **** 		  asm("nop");asm("nop");asm("nop");asm("nop");asm("nop");asm("nop");
  90               	op
  91               		nop
  92               		nop
  93 0010 0000      		nop
  95 0014 0000      	.LM4:
  96 0016 0000      		nop
  97 0018 0000      		nop
  98 001a 0000      		nop
  22:delay.h       **** 		  asm("nop");asm("nop");asm("nop");asm("nop");asm("nop");asm("nop");
  99               	
 100               		nop
 101 001c 0000      	/* #NOAPP */
 102 001e 0000      		subi r20,lo8(-(1))
 103 0020 0000      		sbci r21,hi8(-(1))
 105 0024 0000      	.LM5:
 106 0026 0000      		ldi r22,hi8(801)
 107               		cpi r20,lo8(801)
 108 0028 4F5F      		cpc r21,r22
 109 002a 5F4F      		brne .L3
 110               		subi r18,lo8(-(1))
 111               		sbci r19,hi8(-(1))
 113 002e 4132      	.LM6:
 114 0030 5607      		cp r24,r18
 115 0032 01F4      		cpc r25,r19
 116 0034 2F5F      		brsh .L2
 117 0036 3F4F      		sts (delaycounter1)+1,r19
 118               		sts delaycounter1,r18
 119               		sts (delaycounter2)+1,r21
 120 0038 8217      		sts delaycounter2,r20
 121 003a 9307      	/* epilogue: frame size=0 */
 122 003c 00F4      		ret
 123 003e 3093 0000 	/* epilogue end (size=1) */
 124 0042 2093 0000 	/* function delayms size 52 (51) */
 126 004a 4093 0000 	.Lscope0:
 129               	.global	delayus
 131               	delayus:
 133               	.LM7:
 134               	/* prologue: frame size=0 */
 135               	/* prologue end (size=0) */
 137               	.LM8:
  23:delay.h       **** 		  }
  24:delay.h       **** 		
  25:delay.h       **** 	 }
  26:delay.h       **** }
  27:delay.h       **** 
  28:delay.h       **** void delayus(unsigned int delaytime)
  29:delay.h       **** {
 138               	ts delaycounter1,__zero_reg__
 139               		ldi r18,lo8(0)
 140               		ldi r19,hi8(0)
 141               	.L12:
  30:delay.h       **** 
  31:delay.h       **** 	 for(delaycounter1=0;delaycounter1<=delaytime;delaycounter1++)
 142               	abn	68,0,34,.LM9-delayus
 143               	.LM9:
 144 0050 1092 0000 	/* #APP */
 145 0054 1092 0000 		nop
 146 0058 20E0      		nop
 147 005a 30E0      		nop
 148               		nop
  32:delay.h       **** 	 {
  33:delay.h       **** 		 
  34:delay.h       **** 		  asm("nop");asm("nop");asm("nop");asm("nop");asm("nop");asm("nop");
 149               	op
 151               	.LM10:
 152 005c 0000      		nop
 153 005e 0000      		nop
 154 0060 0000      		nop
 155 0062 0000      		nop
 156 0064 0000      	/* #NOAPP */
 157 0066 0000      		subi r18,lo8(-(1))
  35:delay.h       **** 		  asm("nop");asm("nop");asm("nop");asm("nop");
 158               	,hi8(-(1))
 160 0068 0000      	.LM11:
 161 006a 0000      		cp r24,r18
 162 006c 0000      		cpc r25,r19
 163 006e 0000      		brsh .L12
 164               		sts (delaycounter1)+1,r19
 165 0070 2F5F      		sts delaycounter1,r18
 166 0072 3F4F      	/* epilogue: frame size=0 */
 167               		ret
 168               	/* epilogue end (size=1) */
 169 0074 8217      	/* function delayus size 36 (35) */
 171 0078 00F4      	.Lscope1:
 173 007e 2093 0000 	.global	uartinit
 175 0082 0895      	uartinit:
 177               	.Ltext2:
 179               	.LM12:
 180               	/* prologue: frame size=0 */
 181               	/* prologue end (size=0) */
 183               	.LM13:
 184               		out 43-0x20,__zero_reg__
   1:uart.h        **** /*	UART.h
   2:uart.h        **** Technophilia embedded systems
   3:uart.h        **** 
   4:uart.h        **** 	this header file provides time delay in the form of mili second and micro second
   5:uart.h        **** 	without affecting any interrupts.
   6:uart.h        **** 
   7:uart.h        **** 	delayms()  this function provides delay in the form of mili second
   8:uart.h        **** 	delayus()  this function provides delay in the form of micro second
   9:uart.h        **** 	
  10:uart.h        **** */
  11:uart.h        **** #ifndef _UART_H_
  12:uart.h        **** #define _UART_H_
  13:uart.h        **** 
  14:uart.h        **** void uartinit()
  15:uart.h        **** {
 186               	 42-0x20,r24
 188               	.LM15:
 189               		ldi r24,lo8(-122)
  16:uart.h        **** 	UCSRA=0x00;
 190               	 64-0x20,r24
 192 0084 1BB8      	.LM16:
  17:uart.h        **** 	UCSRB=0x18;
 193               	t 64-0x20,__zero_reg__
 195 0086 88E1      	.LM17:
 196 0088 8AB9      		ldi r24,lo8(103)
  18:uart.h        **** 	UCSRC=0x86;
 197               	 41-0x20,r24
 199 008a 86E8      	.LM18:
 200 008c 80BD      		ldi r24,lo8(100)
  19:uart.h        **** 	UBRRH=0x00;
 201               	 r25,hi8(100)
 202               		rcall delayms
 203 008e 10BC      	/* epilogue: frame size=0 */
  20:uart.h        **** 	UBRRL=0x67;
 204               	t
 205               	/* epilogue end (size=1) */
 206 0090 87E6      	/* function uartinit size 12 (11) */
  21:uart.h        **** 	delayms(100);
 208               	ope2:
 210 0094 84E6      	.global	dispdata
 212 0098 00D0      	dispdata:
 214 009a 0895      	.LM19:
 215               	/* prologue: frame size=0 */
 216               	/* prologue end (size=0) */
 217               	.L21:
 219               	.LM20:
 220               		sbis 43-0x20,7
 221               		rjmp .L21
  22:uart.h        **** }
  23:uart.h        **** 
  24:uart.h        **** void printchar(unsigned char uchar)
  25:uart.h        **** {
  26:uart.h        ****   UDR=uchar;
  27:uart.h        ****   while((UCSRA&0x40)==0x00);
  28:uart.h        ****   delayuart(1000);
  29:uart.h        **** }
  30:uart.h        ****  
  31:uart.h        **** void printstring(const unsigned char *ustring)
  32:uart.h        **** {
  33:uart.h        ****    while ( *ustring )
  34:uart.h        ****     {
  35:uart.h        **** 	 UDR=*ustring++;
  36:uart.h        ****      while((UCSRA&0x40)==0x00);
  37:uart.h        ****     delayuart(1000);
  38:uart.h        **** 	
  39:uart.h        **** }	}
  40:uart.h        **** 
  41:uart.h        ****  
  42:uart.h        **** void printnum(unsigned char num)
  43:uart.h        **** {
  44:uart.h        ****     unsigned char H=0,T=0,O=0;
  45:uart.h        **** 	H=num/100;
  46:uart.h        **** 	T=(num - (H*100))/10;
  47:uart.h        **** 	O=(num - (H*100) - (T*10));
  48:uart.h        **** 	
  49:uart.h        **** 	printchar(H+48);
  50:uart.h        **** 	
  51:uart.h        **** 	printchar(T+48);
  52:uart.h        **** 	
  53:uart.h        **** 	printchar(O+48);
  54:uart.h        **** 	
  55:uart.h        **** }
  56:uart.h        ****  
  57:uart.h        ****  
  58:uart.h        **** unsigned char dispdata()
  59:uart.h        **** {
 223               	44-0x20
 225               	.LM22:
 226               		clr r25
 227               	/* epilogue: frame size=0 */
  60:uart.h        ****   while((UCSRA&0x80)==0x00);
 228               	/* epilogue end (size=1) */
 229               	/* function dispdata size 5 (4) */
 231 009e 00C0      	.Lscope3:
  61:uart.h        ****   return UDR;
 232               	abs	"delayuart:F(0,15)",36,0,0,delayuart
 234 00a0 8CB1      	.global	delayuart
  62:uart.h        **** }
 235               	ype	delayuart, @function
 236               	delayuart:
 238               	.LM23:
 239 00a4 0895      	/* prologue: frame size=0 */
 240               	/* prologue end (size=0) */
 241               		ldi r18,lo8(0)
 242               		ldi r19,hi8(0)
 243               	.L27:
 245               	.LM24:
 246               	/* #APP */
 247               		nop
 248               		nop
  63:uart.h        ****  
  64:uart.h        **** void delayuart(unsigned int delaytime)
  65:uart.h        **** {
 249               	
 250               		nop
 252               	.LM25:
 253 00a6 20E0      		nop
 254 00a8 30E0      		nop
 255               		nop
  66:uart.h        **** unsigned int dc;
  67:uart.h        **** 	 for(dc=0;dc<=delaytime;dc++)
  68:uart.h        **** 	 {
  69:uart.h        **** 		 
  70:uart.h        **** 		  asm("nop");asm("nop");asm("nop");asm("nop");asm("nop");asm("nop");
 257               	.LM26:
 258               	/* #NOAPP */
 259 00aa 0000      		subi r18,lo8(-(1))
 260 00ac 0000      		sbci r19,hi8(-(1))
 261 00ae 0000      		cp r24,r18
 262 00b0 0000      		cpc r25,r19
 263 00b2 0000      		brsh .L27
 264 00b4 0000      	/* epilogue: frame size=0 */
  71:uart.h        **** 		  asm("nop");asm("nop");asm("nop");asm("nop");
 265               	pilogue end (size=1) */
 266               	/* function delayuart size 28 (27) */
 271               	.Lscope4:
 274 00be 2F5F      	.global	printstring
 276 00c2 8217      	printstring:
 278 00c6 00F4      	.LM27:
 279               	/* prologue: frame size=0 */
 280 00c8 0895      		push r28
 281               		push r29
 282               	/* prologue end (size=2) */
 283               		movw r28,r24
 284               		rjmp .L33
 285               	.L34:
 287               	.LM28:
 288               		out 44-0x20,r24
 289               	.L35:
 291               	.LM29:
 292               		sbis 43-0x20,6
 293               		rjmp .L35
 295               	.LM30:
 296 00ca CF93      		adiw r28,1
 298               	.LM31:
 299 00ce EC01      		ldi r24,lo8(1000)
 300 00d0 00C0      		ldi r25,hi8(1000)
 301               		rcall delayuart
 302               	.L33:
 304 00d2 8CB9      	.LM32:
 305               		ld r24,Y
 306               		tst r24
 307               		brne .L34
 308 00d4 5E9B      	/* epilogue: frame size=0 */
 309 00d6 00C0      		pop r29
 310               		pop r28
 311               		ret
 312 00d8 2196      	/* epilogue end (size=3) */
 313               	/* function printstring size 17 (12) */
 315 00da 88EE      	.Lscope5:
 318               	.global	printchar
 320               	printchar:
 322 00e2 8823      	.LM33:
 323 00e4 01F4      	/* prologue: frame size=0 */
 324               	/* prologue end (size=0) */
 326 00e8 CF91      	.LM34:
 327 00ea 0895      		out 44-0x20,r24
 328               	.L42:
 330               	.LM35:
 331               		sbis 43-0x20,6
 332               		rjmp .L42
 334               	.LM36:
 335               		ldi r24,lo8(1000)
 336               		ldi r25,hi8(1000)
 337               		rcall delayuart
 338               	/* epilogue: frame size=0 */
 339               		ret
 340               	/* epilogue end (size=1) */
 341               	/* function printchar size 7 (6) */
 343 00ec 8CB9      	.Lscope6:
 346               	.global	printnum
 348 00f0 00C0      	printnum:
 350               	.LM37:
 351 00f2 88EE      	/* prologue: frame size=0 */
 352 00f4 93E0      		push r13
 353 00f6 00D0      		push r14
 354               		push r15
 355 00f8 0895      		push r16
 356               		push r17
 357               	/* prologue end (size=5) */
 358               		mov r13,r24
 360               	.LM38:
 361               		ldi r22,lo8(100)
 362               		rcall __udivmodqi4
 363               		mov r18,r24
 365               	.LM39:
 366               		ldi r24,lo8(100)
 367               		mov r14,r24
 368 00fa DF92      		mul r18,r14
 369 00fc EF92      		movw r14,r0
 370 00fe FF92      		clr r1
 371 0100 0F93      		mov r24,r13
 372 0102 1F93      		clr r25
 373               		sub r24,r14
 374 0104 D82E      		sbc r25,r15
 375               		ldi r22,lo8(10)
 376               		ldi r23,hi8(10)
 377 0106 64E6      		rcall __divmodhi4
 378 0108 00D0      		movw r16,r22
 380               	.LM40:
 381               		mov r24,r18
 382 010c 84E6      		subi r24,lo8(-(48))
 383 010e E82E      		rcall printchar
 385 0112 7001      	.LM41:
 386 0114 1124      		mov r24,r16
 387 0116 8D2D      		subi r24,lo8(-(48))
 388 0118 9927      		rcall printchar
 390 011c 9F09      	.LM42:
 391 011e 6AE0      		sub r13,r14
 392 0120 70E0      		ldi r24,lo8(10)
 393 0122 00D0      		mul r16,r24
 394 0124 8B01      		movw r24,r0
 395               		clr r1
 396               		sub r13,r24
 397 0126 822F      		mov r24,r13
 398 0128 805D      		subi r24,lo8(-(48))
 399 012a 00D0      		rcall printchar
 400               	/* epilogue: frame size=0 */
 401               		pop r17
 402 012c 802F      		pop r16
 403 012e 805D      		pop r15
 404 0130 00D0      		pop r14
 405               		pop r13
 406               		ret
 407 0132 DE18      	/* epilogue end (size=6) */
 408 0134 8AE0      	/* function printnum size 43 (32) */
 413 013e 8D2D      	.Lscope7:
 414 0140 805D      		.data
 415 0142 00D0      	.LC0:
 416               		.string	"Technophilia"
 417 0144 1F91      		.text
 419 0148 FF90      	.global	main
 421 014c DF90      	main:
 423               	.Ltext3:
 425               	.LM43:
 426               	/* prologue: frame size=0 */
 427               	/* prologue end (size=0) */
 429               	.LM44:
 430               		rcall uartinit
 432 0000 5465 6368 	.LM45:
 432      6E6F 7068 
 432      696C 6961 
 432      00
 433               		ldi r24,lo8(97)
 434               		rcall printchar
 436               	.LM46:
 437               		ldi r24,lo8(10)
 438               		rcall printchar
   1:main.c        **** //UART rx
   2:main.c        **** //program to glow the LED according to the key pressed
   3:main.c        **** 
   4:main.c        **** #include<avr/io.h>
   5:main.c        **** #include "delay.h"
   6:main.c        **** #include "uart.h"
   7:main.c        **** 
   8:main.c        **** int main(void)
   9:main.c        **** {
 440               	intchar
 442               	.LM47:
 443               		ldi r24,lo8(.LC0)
  10:main.c        **** 	
  11:main.c        **** uartinit();
 444               	7-main
 445               	.LM47:
 446 0150 00D0      		ldi r24,lo8(.LC0)
  12:main.c        **** 
  13:main.c        **** printchar('a');								//to print a charactor
 447               	7-main
 448               	.LM47:
 449 0152 81E6      		ldi r24,lo8(.LC0)
 450 0154 00D0      		ldi r25,hi8(.LC0)
  14:main.c        **** printchar('\n');							//newline							
 451               	24,lo8(.LC0)
 452               		ldi r25,hi8(.LC0)
 453 0156 8AE0      		rcall printstring
  15:main.c        **** printstring("Technophilia");				//to print a string
 455               	ng
 457 015a 80E0      	.LM48:
 458 015c 90E0      		ldi r24,lo8(10)
 459 015e 00D0      		rcall printchar
  16:main.c        **** printchar('\n');							//newline
 460               	4,lo8(10)
 461               		rcall printchar
 463 0162 00D0      	.LM49:
  17:main.c        **** printnum(210);								//to print a integer number
 464               	8,0,17,.LM49-main
 465               	.LM49:
 466 0164 82ED      		ldi r24,lo8(-46)
 467 0166 00D0      		rcall printnum
  18:main.c        **** printchar('\n');							//newline
 468               	8(-46)
 469               		rcall printnum
 471 016a 00D0      	.LM50:
  19:main.c        **** printchar('\n');							//newline
 472               	18,.LM50-main
 473               	.LM50:
 474 016c 8AE0      		ldi r24,lo8(10)
 475 016e 00D0      		rcall printchar
 477 0170 00C0      	.LM51:
 478               		ldi r24,lo8(10)
 479               		rcall printchar
 480               	.L50:
 481               		rjmp .L50
 482               	/* epilogue: frame size=0 */
 483               	/* epilogue: noreturn */
 484               	/* epilogue end (size=0) */
 485               	/* function main size 17 (17) */
 487               	.Lscope8:
 488               		.comm delaycounter1,2,1
 489               		.comm delaycounter2,2,1
DEFINED SYMBOLS
                            *ABS*:00000000 main.c
C:\DOCUME~1\Prasanta\LOCALS~1\Temp/cc3b0Ktf.s:3      *ABS*:0000003f __SREG__
C:\DOCUME~1\Prasanta\LOCALS~1\Temp/cc3b0Ktf.s:4      *ABS*:0000003e __SP_H__
C:\DOCUME~1\Prasanta\LOCALS~1\Temp/cc3b0Ktf.s:5      *ABS*:0000003d __SP_L__
C:\DOCUME~1\Prasanta\LOCALS~1\Temp/cc3b0Ktf.s:6      *ABS*:00000000 __tmp_reg__
C:\DOCUME~1\Prasanta\LOCALS~1\Temp/cc3b0Ktf.s:7      *ABS*:00000001 __zero_reg__
C:\DOCUME~1\Prasanta\LOCALS~1\Temp/cc3b0Ktf.s:71     .text:00000000 delayms
                            *COM*:00000002 delaycounter1
                            *COM*:00000002 delaycounter2
C:\DOCUME~1\Prasanta\LOCALS~1\Temp/cc3b0Ktf.s:137    .text:00000050 delayus
C:\DOCUME~1\Prasanta\LOCALS~1\Temp/cc3b0Ktf.s:183    .text:00000084 uartinit
C:\DOCUME~1\Prasanta\LOCALS~1\Temp/cc3b0Ktf.s:222    .text:0000009c dispdata
C:\DOCUME~1\Prasanta\LOCALS~1\Temp/cc3b0Ktf.s:248    .text:000000a6 delayuart
C:\DOCUME~1\Prasanta\LOCALS~1\Temp/cc3b0Ktf.s:292    .text:000000ca printstring
C:\DOCUME~1\Prasanta\LOCALS~1\Temp/cc3b0Ktf.s:336    .text:000000ec printchar
C:\DOCUME~1\Prasanta\LOCALS~1\Temp/cc3b0Ktf.s:364    .text:000000fa printnum
C:\DOCUME~1\Prasanta\LOCALS~1\Temp/cc3b0Ktf.s:437    .text:00000150 main

UNDEFINED SYMBOLS
__do_copy_data
__do_clear_bss
__udivmodqi4
__divmodhi4
